
> frontend@0.0.0 dev
> vite


  VITE v4.5.14  ready in 321 ms

  ➜  Local:   http://localhost:5173/
  ➜  Network: use --host to expose
5:38:59 PM [vite] page reload src/components/posts/api.ts
5:39:07 PM [vite] page reload src/components/feed/api.ts
5:39:14 PM [vite] page reload src/components/job-board/api.ts
5:39:21 PM [vite] page reload src/components/messaging/api.ts
5:39:27 PM [vite] hmr update /src/components/posts/PostCreate.tsx, /src/index.css

> frontend@0.0.0 dev
> vite

Port 5173 is in use, trying another one...

  VITE v4.5.14  ready in 465 ms

  ➜  Local:   http://localhost:5174/
  ➜  Network: use --host to expose

> frontend@0.0.0 dev
> vite

Port 5173 is in use, trying another one...
Port 5174 is in use, trying another one...

  VITE v4.5.14  ready in 390 ms

  ➜  Local:   http://localhost:5175/
  ➜  Network: use --host to expose
